0 info it worked if it ends with ok
1 verbose cli [ '/usr/local/bin/node', '/usr/local/bin/npm', 'publish' ]
2 info using npm@3.10.10
3 info using node@v6.11.0
4 verbose publish [ '.' ]
5 silly cache add args [ '.', null ]
6 verbose cache add spec .
7 silly cache add parsed spec Result {
7 silly cache add   raw: '.',
7 silly cache add   scope: null,
7 silly cache add   escapedName: null,
7 silly cache add   name: null,
7 silly cache add   rawSpec: '.',
7 silly cache add   spec: '/Users/markb/WebstormProjects/rabobank/teamnl-utils',
7 silly cache add   type: 'directory' }
8 verbose addLocalDirectory /Users/markb/.npm/teamnl-utils/0.0.1/package.tgz not in flight; packing
9 verbose correctMkdir /Users/markb/.npm correctMkdir not in flight; initializing
10 info lifecycle teamnl-utils@0.0.1~prepublish: teamnl-utils@0.0.1
11 silly lifecycle teamnl-utils@0.0.1~prepublish: no script for prepublish, continuing
12 verbose tar pack [ '/Users/markb/.npm/teamnl-utils/0.0.1/package.tgz',
12 verbose tar pack   '/Users/markb/WebstormProjects/rabobank/teamnl-utils' ]
13 verbose tarball /Users/markb/.npm/teamnl-utils/0.0.1/package.tgz
14 verbose folder /Users/markb/WebstormProjects/rabobank/teamnl-utils
15 verbose addLocalTarball adding from inside cache /Users/markb/.npm/teamnl-utils/0.0.1/package.tgz
16 verbose correctMkdir /Users/markb/.npm correctMkdir not in flight; initializing
17 silly cache afterAdd teamnl-utils@0.0.1
18 verbose afterAdd /Users/markb/.npm/teamnl-utils/0.0.1/package/package.json not in flight; writing
19 verbose correctMkdir /Users/markb/.npm correctMkdir not in flight; initializing
20 verbose afterAdd /Users/markb/.npm/teamnl-utils/0.0.1/package/package.json written
21 silly publish { name: 'teamnl-utils',
21 silly publish   version: '0.0.1',
21 silly publish   description: 'Utils package for teamnl projects',
21 silly publish   main: 'lib/index.js',
21 silly publish   scripts:
21 silly publish    { build: 'webpack --env dev && webpack --env build && npm run test',
21 silly publish      dev: 'webpack --progress --colors --watch --env dev',
21 silly publish      test: 'mocha --require babel-core/register --colors ./test/*.spec.js',
21 silly publish      'test:watch': 'mocha --require babel-core/register --colors -w ./test/*.spec.js' },
21 silly publish   repository:
21 silly publish    { type: 'git',
21 silly publish      url: 'git+https://github.com/markbleichert/teamnl-utils.git' },
21 silly publish   keywords: [ 'utils', 'teamnl' ],
21 silly publish   author: { name: 'Mark Bleichert' },
21 silly publish   license: 'MIT',
21 silly publish   devDependencies:
21 silly publish    { 'babel-cli': '^6.26.0',
21 silly publish      'babel-core': '^6.26.0',
21 silly publish      'babel-eslint': '^8.0.3',
21 silly publish      'babel-loader': '^7.1.2',
21 silly publish      'babel-plugin-add-module-exports': '^0.2.1',
21 silly publish      'babel-preset-env': '^1.6.1',
21 silly publish      chai: '^4.1.2',
21 silly publish      sinon: '^4.4.2',
21 silly publish      'sinon-chai': '^3.0.0',
21 silly publish      eslint: '^4.13.1',
21 silly publish      'eslint-loader': '^1.9.0',
21 silly publish      mocha: '^4.0.1',
21 silly publish      webpack: '^3.10.0',
21 silly publish      yargs: '^10.0.3' },
21 silly publish   readme: '# teamnl utils',
21 silly publish   readmeFilename: 'README.md',
21 silly publish   gitHead: '0d1fb804105571d1e3aeb6affcc00cf3e671e473',
21 silly publish   bugs: { url: 'https://github.com/markbleichert/teamnl-utils/issues' },
21 silly publish   homepage: 'https://github.com/markbleichert/teamnl-utils#readme',
21 silly publish   _id: 'teamnl-utils@0.0.1',
21 silly publish   _shasum: 'd52246cfea2301b8461b36b734786760d3e9da3c',
21 silly publish   _from: '.' }
22 verbose getPublishConfig undefined
23 silly mapToRegistry name teamnl-utils
24 silly mapToRegistry using default registry
25 silly mapToRegistry registry https://registry.npmjs.org/
26 silly mapToRegistry data Result {
26 silly mapToRegistry   raw: 'teamnl-utils',
26 silly mapToRegistry   scope: null,
26 silly mapToRegistry   escapedName: 'teamnl-utils',
26 silly mapToRegistry   name: 'teamnl-utils',
26 silly mapToRegistry   rawSpec: '',
26 silly mapToRegistry   spec: 'latest',
26 silly mapToRegistry   type: 'tag' }
27 silly mapToRegistry uri https://registry.npmjs.org/teamnl-utils
28 verbose publish registryBase https://registry.npmjs.org/
29 silly publish uploading /Users/markb/.npm/teamnl-utils/0.0.1/package.tgz
30 verbose request uri https://registry.npmjs.org/teamnl-utils
31 verbose request sending authorization for write operation
32 info attempt registry request try #1 at 11:47:25 PM
33 verbose request using bearer token for auth
34 verbose request id a89c283328f1c3d7
35 http request PUT https://registry.npmjs.org/teamnl-utils
36 http 403 https://registry.npmjs.org/teamnl-utils
37 verbose headers { 'content-type': 'application/json',
37 verbose headers   'cache-control': 'max-age=300',
37 verbose headers   'content-length': '93',
37 verbose headers   'accept-ranges': 'bytes',
37 verbose headers   date: 'Thu, 08 Mar 2018 22:47:27 GMT',
37 verbose headers   via: '1.1 varnish',
37 verbose headers   connection: 'keep-alive',
37 verbose headers   'x-served-by': 'cache-ams4133-AMS',
37 verbose headers   'x-cache': 'MISS',
37 verbose headers   'x-cache-hits': '0',
37 verbose headers   'x-timer': 'S1520549246.445319,VS0,VE1434',
37 verbose headers   vary: 'Accept-Encoding, Accept' }
38 verbose request invalidating /Users/markb/.npm/registry.npmjs.org/teamnl-utils on PUT
39 error publish Failed PUT 403
40 verbose stack Error: You cannot publish over the previously published versions: 0.0.1. : teamnl-utils
40 verbose stack     at makeError (/usr/local/lib/node_modules/npm/node_modules/npm-registry-client/lib/request.js:302:12)
40 verbose stack     at CachingRegistryClient.<anonymous> (/usr/local/lib/node_modules/npm/node_modules/npm-registry-client/lib/request.js:290:14)
40 verbose stack     at Request._callback (/usr/local/lib/node_modules/npm/node_modules/npm-registry-client/lib/request.js:210:14)
40 verbose stack     at Request.self.callback (/usr/local/lib/node_modules/npm/node_modules/request/request.js:187:22)
40 verbose stack     at emitTwo (events.js:106:13)
40 verbose stack     at Request.emit (events.js:191:7)
40 verbose stack     at Request.<anonymous> (/usr/local/lib/node_modules/npm/node_modules/request/request.js:1048:10)
40 verbose stack     at emitOne (events.js:96:13)
40 verbose stack     at Request.emit (events.js:188:7)
40 verbose stack     at IncomingMessage.<anonymous> (/usr/local/lib/node_modules/npm/node_modules/request/request.js:969:12)
41 verbose statusCode 403
42 verbose pkgid teamnl-utils
43 verbose cwd /Users/markb/WebstormProjects/rabobank/teamnl-utils
44 error Darwin 16.7.0
45 error argv "/usr/local/bin/node" "/usr/local/bin/npm" "publish"
46 error node v6.11.0
47 error npm  v3.10.10
48 error code E403
49 error You cannot publish over the previously published versions: 0.0.1. : teamnl-utils
50 error If you need help, you may report this error at:
50 error     <https://github.com/npm/npm/issues>
51 verbose exit [ 1, true ]
